<?xml version="1.0" encoding="UTF8"?>
<root>
  <row index="1">
    <col1>jmeno</col1>
    <col2>prijmeni</col2>
    <col3>bydliste</col3>
    <col4>datum narozeni</col4>
  </row>
  <row index="2">
    <col1>Petr</col1>
    <col2>Kachlicka</col2>
    <col3>Novy Jicin, Kriva 7</col3>
    <col4>5.4.1987</col4>
  </row>
  <row index="3">
    <col1>Ales</col1>
    <col2>Sela</col2>
    <col3>Kutna Hora, Dolni 666</col3>
    <col4>6.6.1996</col4>
  </row>
  <row index="4">
    <col1>Lubomir</col1>
    <col2>Novotny</col2>
    <col3>Jihlava, Ztracena 8</col3>
    <col4>4.3.1997</col4>
  </row>
</root>