<?xml version="1.0" encoding="UTF8"?>
<root>
  <row>
    <jmeno>Petr</jmeno>
    <prijmeni>trololo</prijmeni>
    <bydliste>trololo</bydliste>
    <datum-narozeni>trololo</datum-narozeni>
  </row>
  <row>
    <jmeno>Ales</jmeno>
    <prijmeni>Sela</prijmeni>
    <bydliste>Kutna Hora, Dolni 666</bydliste>
    <datum-narozeni>6.6.1996</datum-narozeni>
    <col5>jedna</col5>
    <col6>dve</col6>
    <col7>tri</col7>
    <col8>ctyri</col8>
  </row>
  <row>
    <jmeno>Lubomir</jmeno>
    <prijmeni>Novotny</prijmeni>
    <bydliste>Jihlava, Ztracena 8</bydliste>
    <datum-narozeni>4.3.1997</datum-narozeni>
  </row>
</root>