<?xml version="1.0" encoding="UTF8"?>
<root>
  <čočka index="15">
    <jmeno>Petr</jmeno>
    <prijmeni>vzoreček:ž&lt;ý</prijmeni>
    <bydliste>vzoreček:ž&lt;ý</bydliste>
    <datum-narozeni>vzoreček:ž&lt;ý</datum-narozeni>
  </čočka>
  <čočka index="16">
    <jmeno>Ales</jmeno>
    <prijmeni>Sela</prijmeni>
    <bydliste>Kutna Hora, Dolni 666</bydliste>
    <datum-narozeni>6.6.1996</datum-narozeni>
    <col5>jedna</col5>
    <col6>dve</col6>
    <col7>tri</col7>
    <col8>ctyri</col8>
  </čočka>
  <čočka index="17">
    <jmeno>Lubomir</jmeno>
    <prijmeni>Novotny</prijmeni>
    <bydliste>Jihlava, Ztracena 8</bydliste>
    <datum-narozeni>4.3.1997</datum-narozeni>
  </čočka>
</root>