<?xml version="1.0" encoding="UTF8"?>
<root>
  <row>
    <jméno>Petr</jméno>
    <příjmení>Kachlička</příjmení>
    <bydliště>Nový Jičín, Křivá 7</bydliště>
    <datum-narození>5.4.1987</datum-narození>
  </row>
  <row>
    <jméno>Aleš</jméno>
    <příjmení>Češka</příjmení>
    <bydliště>Kutná Hora, Dolní 666</bydliště>
    <datum-narození>6.6.1986</datum-narození>
  </row>
  <row>
    <jméno>Lubomír</jméno>
    <příjmení>Řeřicha</příjmení>
    <bydliště>Jihlava, Ztracená 8</bydliště>
    <datum-narození>4.3.1997</datum-narození>
  </row>
  <row>
    <jméno>ěščřž</jméno>
    <příjmení>ýáíé</příjmení>
    <bydliště>úů</bydliště>
    <datum-narození>12.12.2012</datum-narození>
  </row>
</root>